<?xml version="1.0" encoding="UTF-8"?>
<testng-results ignored="0" total="2" passed="2" failed="0" skipped="0">
  <reporter-output>
  </reporter-output>
  <suite started-at="2025-09-16T11:42:28 IST" name="Default suite" finished-at="2025-09-16T11:42:28 IST" duration-ms="57">
    <groups>
    </groups>
    <test started-at="2025-09-16T11:42:28 IST" name="Default test" finished-at="2025-09-16T11:42:28 IST" duration-ms="57">
      <class name="com.simpletest.SimpleTest">
        <test-method signature="testAddition()[pri:0, instance:com.simpletest.SimpleTest@5b7a5baa]" started-at="2025-09-16T11:42:28 IST" name="testAddition" finished-at="2025-09-16T11:42:28 IST" duration-ms="11" status="PASS">
          <reporter-output>
          </reporter-output>
        </test-method> <!-- testAddition -->
        <test-method signature="testSubtraction()[pri:0, instance:com.simpletest.SimpleTest@5b7a5baa]" started-at="2025-09-16T11:42:28 IST" name="testSubtraction" finished-at="2025-09-16T11:42:28 IST" duration-ms="1" status="PASS">
          <reporter-output>
          </reporter-output>
        </test-method> <!-- testSubtraction -->
      </class> <!-- com.simpletest.SimpleTest -->
    </test> <!-- Default test -->
  </suite> <!-- Default suite -->
</testng-results>
